PoE2 AHK Pattern Debug Export
Generated: 2026-04-23 04:00:12
PID: 32528
ModuleBase: 0x7FF66CC00000
ModuleSize: 74231808

[Pattern] Game States
  Signature: 48 39 2D ^ ?? ?? ?? ?? 0F 85 16 01 00 00
  BytesToSkip: 3
  Matches: 1
    - 0x7FF66CCFA68E
  ResolvedAddress: 0x7FF670C2C928

[Pattern] File Root
  Signature: 48 8B 0D ^ ?? ?? ?? ?? E8 ?? ?? ?? ?? E8
  BytesToSkip: 3
  Matches: 1
    - 0x7FF66D9D2D8C
  ResolvedAddress: 0x7FF670D66E68

[Pattern] AreaChangeCounter
  Signature: FF 05 ^ ?? ?? ?? ?? 4C 8B 06
  BytesToSkip: 2
  Matches: 1
    - 0x7FF66D9D0C19
  ResolvedAddress: 0x7FF670061F48

[Pattern] Terrain Rotator Helper
  Signature: 48 8D 05 ^ ?? ?? ?? ?? 4F 8D 04 40
  BytesToSkip: 3
  Matches: 1
    - 0x7FF66E5D7951
  ResolvedAddress: 0x7FF66F63A028

[Pattern] Terrain Rotation Selector
  Signature: 48 8D 0D ^ ?? ?? ?? ?? 44 0F B6 04 08
  BytesToSkip: 3
  Matches: 1
    - 0x7FF66E5D792E
  ResolvedAddress: 0x7FF66F63A048

[Pattern] GameCullSize
  Signature: 2B 05 ^ ?? ?? ?? ?? 45 0F 57 C9
  BytesToSkip: 2
  Matches: 1
    - 0x7FF66D5DE98B
  ResolvedAddress: 0x7FF670BE98A8

